<?xml version="1.0" encoding="UTF-8"?>
<!-- Generated by org.testng.reporters.JUnitReportReporter -->
<testsuite skipped="0" hostname="DESKTOP-H1S9C19" name="com.amazon.scripts.OHRMloginTest" tests="1" failures="0" timestamp="16 Sep 2018 10:35:57 GMT" time="22.446" errors="0">
  <testcase name="ohrmloginTest" time="22.446" classname="com.amazon.scripts.OHRMloginTest"/>
</testsuite> <!-- com.amazon.scripts.OHRMloginTest -->
